
*** Running vivado
    with args -log system_video_dynclk_0.vds -m64 -product Vivado -mode batch -messageDb vivado.pb -notrace -source system_video_dynclk_0.tcl



****** Vivado v2020.1 (64-bit)
  **** SW Build 2902540 on Wed May 27 19:54:49 MDT 2020
  **** IP Build 2902112 on Wed May 27 22:43:36 MDT 2020
    ** Copyright 1986-2020 Xilinx, Inc. All Rights Reserved.

source system_video_dynclk_0.tcl -notrace
INFO: [IP_Flow 19-234] Refreshing IP repositories
INFO: [IP_Flow 19-1700] Loaded user IP repository 'd:/Xilinx/Project_NR/again/hw.ipdefs/repo'.
INFO: [IP_Flow 19-2313] Loaded Vivado IP repository 'D:/Xilinx/Vivado/2020.1/data/ip'.
Command: synth_design -top system_video_dynclk_0 -part xc7z020clg400-1 -mode out_of_context
Starting synth_design
Attempting to get a license for feature 'Synthesis' and/or device 'xc7z020'
INFO: [Common 17-349] Got license for feature 'Synthesis' and/or device 'xc7z020'
INFO: [Device 21-403] Loading part xc7z020clg400-1
INFO: [Synth 8-7079] Multithreading enabled for synth_design using a maximum of 2 processes.
INFO: [Synth 8-7078] Launching helper process for spawning children vivado processes
INFO: [Synth 8-7075] Helper process launched with PID 9732
---------------------------------------------------------------------------------
Starting RTL Elaboration : Time (s): cpu = 00:00:10 ; elapsed = 00:00:11 . Memory (MB): peak = 1062.195 ; gain = 0.000
---------------------------------------------------------------------------------
INFO: [Synth 8-6157] synthesizing module 'system_video_dynclk_0' [d:/Xilinx/Project_NR/again/hw.srcs/sources_1/bd/system/ip/system_video_dynclk_0/system_video_dynclk_0.v:70]
INFO: [Synth 8-638] synthesizing module 'system_video_dynclk_0_axi_clk_config' [d:/Xilinx/Project_NR/again/hw.srcs/sources_1/bd/system/ip/system_video_dynclk_0/system_video_dynclk_0_axi_clk_config.vhd:177]
	Parameter C_S_AXI_ADDR_WIDTH bound to: 11 - type: integer 
	Parameter C_S_AXI_DATA_WIDTH bound to: 32 - type: integer 
INFO: [Synth 8-638] synthesizing module 'system_video_dynclk_0_axi_lite_ipif' [d:/Xilinx/Project_NR/again/hw.srcs/sources_1/bd/system/ip/system_video_dynclk_0/axi_lite_ipif_v1_01_a/hdl/src/vhdl/system_video_dynclk_0_axi_lite_ipif.vhd:245]
	Parameter C_S_AXI_DATA_WIDTH bound to: 32 - type: integer 
	Parameter C_S_AXI_ADDR_WIDTH bound to: 11 - type: integer 
	Parameter C_S_AXI_MIN_SIZE bound to: 32'b00000000000000000000011111111111 
	Parameter C_USE_WSTRB bound to: 1 - type: integer 
	Parameter C_DPHASE_TIMEOUT bound to: 64 - type: integer 
	Parameter C_ARD_ADDR_RANGE_ARRAY bound to: 256'b0000000000000000000000000000000000000000000000000000000000000000000000000000000000000000000000000000000000000000000000000001111100000000000000000000000000000000000000000000000000000010000000000000000000000000000000000000000000000000000000000000011111111111 
	Parameter C_ARD_NUM_CE_ARRAY bound to: 64'b0000000000000000000000000000100000000000000000000000000000000001 
	Parameter C_FAMILY bound to: virtex7 - type: string 
INFO: [Synth 8-638] synthesizing module 'system_video_dynclk_0_slave_attachment' [d:/Xilinx/Project_NR/again/hw.srcs/sources_1/bd/system/ip/system_video_dynclk_0/axi_lite_ipif_v1_01_a/hdl/src/vhdl/system_video_dynclk_0_slave_attachment.vhd:236]
	Parameter C_ARD_ADDR_RANGE_ARRAY bound to: 256'b0000000000000000000000000000000000000000000000000000000000000000000000000000000000000000000000000000000000000000000000000001111100000000000000000000000000000000000000000000000000000010000000000000000000000000000000000000000000000000000000000000011111111111 
	Parameter C_ARD_NUM_CE_ARRAY bound to: 64'b0000000000000000000000000000100000000000000000000000000000000001 
	Parameter C_IPIF_ABUS_WIDTH bound to: 11 - type: integer 
	Parameter C_IPIF_DBUS_WIDTH bound to: 32 - type: integer 
	Parameter C_S_AXI_MIN_SIZE bound to: 2047 - type: integer 
	Parameter C_USE_WSTRB bound to: 1 - type: integer 
	Parameter C_DPHASE_TIMEOUT bound to: 64 - type: integer 
	Parameter C_FAMILY bound to: virtex7 - type: string 
INFO: [Synth 8-638] synthesizing module 'system_video_dynclk_0_address_decoder' [d:/Xilinx/Project_NR/again/hw.srcs/sources_1/bd/system/ip/system_video_dynclk_0/axi_lite_ipif_v1_01_a/hdl/src/vhdl/system_video_dynclk_0_address_decoder.vhd:186]
	Parameter C_BUS_AWIDTH bound to: 11 - type: integer 
	Parameter C_S_AXI_MIN_SIZE bound to: 2047 - type: integer 
	Parameter C_ARD_ADDR_RANGE_ARRAY bound to: 256'b0000000000000000000000000000000000000000000000000000000000000000000000000000000000000000000000000000000000000000000000000001111100000000000000000000000000000000000000000000000000000010000000000000000000000000000000000000000000000000000000000000011111111111 
	Parameter C_ARD_NUM_CE_ARRAY bound to: 64'b0000000000000000000000000000100000000000000000000000000000000001 
	Parameter C_FAMILY bound to: nofamily - type: string 
INFO: [Synth 8-638] synthesizing module 'system_video_dynclk_0_pselect_f' [d:/Xilinx/Project_NR/again/hw.srcs/sources_1/bd/system/ip/system_video_dynclk_0/proc_common_v3_00_a/hdl/src/vhdl/system_video_dynclk_0_pselect_f.vhd:162]
	Parameter C_AB bound to: 6 - type: integer 
	Parameter C_AW bound to: 11 - type: integer 
	Parameter C_BAR bound to: 11'b00000000000 
	Parameter C_FAMILY bound to: nofamily - type: string 
INFO: [Synth 8-256] done synthesizing module 'system_video_dynclk_0_pselect_f' (1#1) [d:/Xilinx/Project_NR/again/hw.srcs/sources_1/bd/system/ip/system_video_dynclk_0/proc_common_v3_00_a/hdl/src/vhdl/system_video_dynclk_0_pselect_f.vhd:162]
INFO: [Synth 8-638] synthesizing module 'system_video_dynclk_0_pselect_f__parameterized0' [d:/Xilinx/Project_NR/again/hw.srcs/sources_1/bd/system/ip/system_video_dynclk_0/proc_common_v3_00_a/hdl/src/vhdl/system_video_dynclk_0_pselect_f.vhd:162]
	Parameter C_AB bound to: 3 - type: integer 
	Parameter C_AW bound to: 3 - type: integer 
	Parameter C_BAR bound to: 3'b000 
	Parameter C_FAMILY bound to: nofamily - type: string 
INFO: [Synth 8-256] done synthesizing module 'system_video_dynclk_0_pselect_f__parameterized0' (1#1) [d:/Xilinx/Project_NR/again/hw.srcs/sources_1/bd/system/ip/system_video_dynclk_0/proc_common_v3_00_a/hdl/src/vhdl/system_video_dynclk_0_pselect_f.vhd:162]
INFO: [Synth 8-638] synthesizing module 'system_video_dynclk_0_pselect_f__parameterized1' [d:/Xilinx/Project_NR/again/hw.srcs/sources_1/bd/system/ip/system_video_dynclk_0/proc_common_v3_00_a/hdl/src/vhdl/system_video_dynclk_0_pselect_f.vhd:162]
	Parameter C_AB bound to: 3 - type: integer 
	Parameter C_AW bound to: 3 - type: integer 
	Parameter C_BAR bound to: 3'b001 
	Parameter C_FAMILY bound to: nofamily - type: string 
INFO: [Synth 8-256] done synthesizing module 'system_video_dynclk_0_pselect_f__parameterized1' (1#1) [d:/Xilinx/Project_NR/again/hw.srcs/sources_1/bd/system/ip/system_video_dynclk_0/proc_common_v3_00_a/hdl/src/vhdl/system_video_dynclk_0_pselect_f.vhd:162]
INFO: [Synth 8-638] synthesizing module 'system_video_dynclk_0_pselect_f__parameterized2' [d:/Xilinx/Project_NR/again/hw.srcs/sources_1/bd/system/ip/system_video_dynclk_0/proc_common_v3_00_a/hdl/src/vhdl/system_video_dynclk_0_pselect_f.vhd:162]
	Parameter C_AB bound to: 3 - type: integer 
	Parameter C_AW bound to: 3 - type: integer 
	Parameter C_BAR bound to: 3'b010 
	Parameter C_FAMILY bound to: nofamily - type: string 
INFO: [Synth 8-256] done synthesizing module 'system_video_dynclk_0_pselect_f__parameterized2' (1#1) [d:/Xilinx/Project_NR/again/hw.srcs/sources_1/bd/system/ip/system_video_dynclk_0/proc_common_v3_00_a/hdl/src/vhdl/system_video_dynclk_0_pselect_f.vhd:162]
INFO: [Synth 8-638] synthesizing module 'system_video_dynclk_0_pselect_f__parameterized3' [d:/Xilinx/Project_NR/again/hw.srcs/sources_1/bd/system/ip/system_video_dynclk_0/proc_common_v3_00_a/hdl/src/vhdl/system_video_dynclk_0_pselect_f.vhd:162]
	Parameter C_AB bound to: 3 - type: integer 
	Parameter C_AW bound to: 3 - type: integer 
	Parameter C_BAR bound to: 3'b011 
	Parameter C_FAMILY bound to: nofamily - type: string 
INFO: [Synth 8-256] done synthesizing module 'system_video_dynclk_0_pselect_f__parameterized3' (1#1) [d:/Xilinx/Project_NR/again/hw.srcs/sources_1/bd/system/ip/system_video_dynclk_0/proc_common_v3_00_a/hdl/src/vhdl/system_video_dynclk_0_pselect_f.vhd:162]
INFO: [Synth 8-638] synthesizing module 'system_video_dynclk_0_pselect_f__parameterized4' [d:/Xilinx/Project_NR/again/hw.srcs/sources_1/bd/system/ip/system_video_dynclk_0/proc_common_v3_00_a/hdl/src/vhdl/system_video_dynclk_0_pselect_f.vhd:162]
	Parameter C_AB bound to: 3 - type: integer 
	Parameter C_AW bound to: 3 - type: integer 
	Parameter C_BAR bound to: 3'b100 
	Parameter C_FAMILY bound to: nofamily - type: string 
INFO: [Synth 8-256] done synthesizing module 'system_video_dynclk_0_pselect_f__parameterized4' (1#1) [d:/Xilinx/Project_NR/again/hw.srcs/sources_1/bd/system/ip/system_video_dynclk_0/proc_common_v3_00_a/hdl/src/vhdl/system_video_dynclk_0_pselect_f.vhd:162]
INFO: [Synth 8-638] synthesizing module 'system_video_dynclk_0_pselect_f__parameterized5' [d:/Xilinx/Project_NR/again/hw.srcs/sources_1/bd/system/ip/system_video_dynclk_0/proc_common_v3_00_a/hdl/src/vhdl/system_video_dynclk_0_pselect_f.vhd:162]
	Parameter C_AB bound to: 3 - type: integer 
	Parameter C_AW bound to: 3 - type: integer 
	Parameter C_BAR bound to: 3'b101 
	Parameter C_FAMILY bound to: nofamily - type: string 
INFO: [Synth 8-256] done synthesizing module 'system_video_dynclk_0_pselect_f__parameterized5' (1#1) [d:/Xilinx/Project_NR/again/hw.srcs/sources_1/bd/system/ip/system_video_dynclk_0/proc_common_v3_00_a/hdl/src/vhdl/system_video_dynclk_0_pselect_f.vhd:162]
INFO: [Synth 8-638] synthesizing module 'system_video_dynclk_0_pselect_f__parameterized6' [d:/Xilinx/Project_NR/again/hw.srcs/sources_1/bd/system/ip/system_video_dynclk_0/proc_common_v3_00_a/hdl/src/vhdl/system_video_dynclk_0_pselect_f.vhd:162]
	Parameter C_AB bound to: 3 - type: integer 
	Parameter C_AW bound to: 3 - type: integer 
	Parameter C_BAR bound to: 3'b110 
	Parameter C_FAMILY bound to: nofamily - type: string 
INFO: [Synth 8-256] done synthesizing module 'system_video_dynclk_0_pselect_f__parameterized6' (1#1) [d:/Xilinx/Project_NR/again/hw.srcs/sources_1/bd/system/ip/system_video_dynclk_0/proc_common_v3_00_a/hdl/src/vhdl/system_video_dynclk_0_pselect_f.vhd:162]
INFO: [Synth 8-638] synthesizing module 'system_video_dynclk_0_pselect_f__parameterized7' [d:/Xilinx/Project_NR/again/hw.srcs/sources_1/bd/system/ip/system_video_dynclk_0/proc_common_v3_00_a/hdl/src/vhdl/system_video_dynclk_0_pselect_f.vhd:162]
	Parameter C_AB bound to: 3 - type: integer 
	Parameter C_AW bound to: 3 - type: integer 
	Parameter C_BAR bound to: 3'b111 
	Parameter C_FAMILY bound to: nofamily - type: string 
INFO: [Synth 8-256] done synthesizing module 'system_video_dynclk_0_pselect_f__parameterized7' (1#1) [d:/Xilinx/Project_NR/again/hw.srcs/sources_1/bd/system/ip/system_video_dynclk_0/proc_common_v3_00_a/hdl/src/vhdl/system_video_dynclk_0_pselect_f.vhd:162]
INFO: [Synth 8-638] synthesizing module 'system_video_dynclk_0_pselect_f__parameterized8' [d:/Xilinx/Project_NR/again/hw.srcs/sources_1/bd/system/ip/system_video_dynclk_0/proc_common_v3_00_a/hdl/src/vhdl/system_video_dynclk_0_pselect_f.vhd:162]
	Parameter C_AB bound to: 0 - type: integer 
	Parameter C_AW bound to: 11 - type: integer 
	Parameter C_BAR bound to: 11'b01000000000 
	Parameter C_FAMILY bound to: nofamily - type: string 
INFO: [Synth 8-256] done synthesizing module 'system_video_dynclk_0_pselect_f__parameterized8' (1#1) [d:/Xilinx/Project_NR/again/hw.srcs/sources_1/bd/system/ip/system_video_dynclk_0/proc_common_v3_00_a/hdl/src/vhdl/system_video_dynclk_0_pselect_f.vhd:162]
INFO: [Synth 8-256] done synthesizing module 'system_video_dynclk_0_address_decoder' (2#1) [d:/Xilinx/Project_NR/again/hw.srcs/sources_1/bd/system/ip/system_video_dynclk_0/axi_lite_ipif_v1_01_a/hdl/src/vhdl/system_video_dynclk_0_address_decoder.vhd:186]
INFO: [Synth 8-226] default block is never used [d:/Xilinx/Project_NR/again/hw.srcs/sources_1/bd/system/ip/system_video_dynclk_0/axi_lite_ipif_v1_01_a/hdl/src/vhdl/system_video_dynclk_0_slave_attachment.vhd:438]
INFO: [Synth 8-256] done synthesizing module 'system_video_dynclk_0_slave_attachment' (3#1) [d:/Xilinx/Project_NR/again/hw.srcs/sources_1/bd/system/ip/system_video_dynclk_0/axi_lite_ipif_v1_01_a/hdl/src/vhdl/system_video_dynclk_0_slave_attachment.vhd:236]
INFO: [Synth 8-256] done synthesizing module 'system_video_dynclk_0_axi_lite_ipif' (4#1) [d:/Xilinx/Project_NR/again/hw.srcs/sources_1/bd/system/ip/system_video_dynclk_0/axi_lite_ipif_v1_01_a/hdl/src/vhdl/system_video_dynclk_0_axi_lite_ipif.vhd:245]
	Parameter C_S_AXI_ADDR_WIDTH bound to: 11 - type: integer 
	Parameter C_S_AXI_DATA_WIDTH bound to: 32 - type: integer 
	Parameter C_FAMILY bound to: virtex7 - type: string 
	Parameter CE_NUMBERS bound to: 9 - type: integer 
INFO: [Synth 8-3491] module 'system_video_dynclk_0_clk_wiz_drp' declared at 'd:/Xilinx/Project_NR/again/hw.srcs/sources_1/bd/system/ip/system_video_dynclk_0/system_video_dynclk_0_clk_wiz_drp.vhd:115' bound to instance 'CLK_CORE_DRP_I' of component 'system_video_dynclk_0_clk_wiz_drp' [d:/Xilinx/Project_NR/again/hw.srcs/sources_1/bd/system/ip/system_video_dynclk_0/system_video_dynclk_0_axi_clk_config.vhd:440]
INFO: [Synth 8-638] synthesizing module 'system_video_dynclk_0_clk_wiz_drp' [d:/Xilinx/Project_NR/again/hw.srcs/sources_1/bd/system/ip/system_video_dynclk_0/system_video_dynclk_0_clk_wiz_drp.vhd:153]
	Parameter C_S_AXI_ADDR_WIDTH bound to: 11 - type: integer 
	Parameter C_S_AXI_DATA_WIDTH bound to: 32 - type: integer 
	Parameter C_FAMILY bound to: virtex7 - type: string 
	Parameter CE_NUMBERS bound to: 9 - type: integer 
INFO: [Synth 8-3491] module 'system_video_dynclk_0_clk_wiz' declared at 'd:/Xilinx/Project_NR/again/hw.srcs/sources_1/bd/system/ip/system_video_dynclk_0/system_video_dynclk_0_clk_wiz.v:68' bound to instance 'clk_inst' of component 'system_video_dynclk_0_clk_wiz' [d:/Xilinx/Project_NR/again/hw.srcs/sources_1/bd/system/ip/system_video_dynclk_0/system_video_dynclk_0_clk_wiz_drp.vhd:552]
INFO: [Synth 8-6157] synthesizing module 'system_video_dynclk_0_clk_wiz' [d:/Xilinx/Project_NR/again/hw.srcs/sources_1/bd/system/ip/system_video_dynclk_0/system_video_dynclk_0_clk_wiz.v:68]
INFO: [Synth 8-6157] synthesizing module 'MMCME2_ADV' [D:/Xilinx/Vivado/2020.1/scripts/rt/data/unisim_comp.v:39994]
	Parameter BANDWIDTH bound to: OPTIMIZED - type: string 
	Parameter CLKFBOUT_MULT_F bound to: 37.125000 - type: double 
	Parameter CLKFBOUT_PHASE bound to: 0.000000 - type: double 
	Parameter CLKFBOUT_USE_FINE_PS bound to: FALSE - type: string 
	Parameter CLKIN1_PERIOD bound to: 10.000000 - type: double 
	Parameter CLKIN2_PERIOD bound to: 0.000000 - type: double 
	Parameter CLKOUT0_DIVIDE_F bound to: 1.000000 - type: double 
	Parameter CLKOUT0_DUTY_CYCLE bound to: 0.500000 - type: double 
	Parameter CLKOUT0_PHASE bound to: 0.000000 - type: double 
	Parameter CLKOUT0_USE_FINE_PS bound to: FALSE - type: string 
	Parameter CLKOUT1_DIVIDE bound to: 1 - type: integer 
	Parameter CLKOUT1_DUTY_CYCLE bound to: 0.500000 - type: double 
	Parameter CLKOUT1_PHASE bound to: 0.000000 - type: double 
	Parameter CLKOUT1_USE_FINE_PS bound to: FALSE - type: string 
	Parameter CLKOUT2_DIVIDE bound to: 1 - type: integer 
	Parameter CLKOUT2_DUTY_CYCLE bound to: 0.500000 - type: double 
	Parameter CLKOUT2_PHASE bound to: 0.000000 - type: double 
	Parameter CLKOUT2_USE_FINE_PS bound to: FALSE - type: string 
	Parameter CLKOUT3_DIVIDE bound to: 1 - type: integer 
	Parameter CLKOUT3_DUTY_CYCLE bound to: 0.500000 - type: double 
	Parameter CLKOUT3_PHASE bound to: 0.000000 - type: double 
	Parameter CLKOUT3_USE_FINE_PS bound to: FALSE - type: string 
	Parameter CLKOUT4_CASCADE bound to: FALSE - type: string 
	Parameter CLKOUT4_DIVIDE bound to: 1 - type: integer 
	Parameter CLKOUT4_DUTY_CYCLE bound to: 0.500000 - type: double 
	Parameter CLKOUT4_PHASE bound to: 0.000000 - type: double 
	Parameter CLKOUT4_USE_FINE_PS bound to: FALSE - type: string 
	Parameter CLKOUT5_DIVIDE bound to: 1 - type: integer 
	Parameter CLKOUT5_DUTY_CYCLE bound to: 0.500000 - type: double 
	Parameter CLKOUT5_PHASE bound to: 0.000000 - type: double 
	Parameter CLKOUT5_USE_FINE_PS bound to: FALSE - type: string 
	Parameter CLKOUT6_DIVIDE bound to: 1 - type: integer 
	Parameter CLKOUT6_DUTY_CYCLE bound to: 0.500000 - type: double 
	Parameter CLKOUT6_PHASE bound to: 0.000000 - type: double 
	Parameter CLKOUT6_USE_FINE_PS bound to: FALSE - type: string 
	Parameter COMPENSATION bound to: ZHOLD - type: string 
	Parameter DIVCLK_DIVIDE bound to: 5 - type: integer 
	Parameter IS_CLKINSEL_INVERTED bound to: 1'b0 
	Parameter IS_PSEN_INVERTED bound to: 1'b0 
	Parameter IS_PSINCDEC_INVERTED bound to: 1'b0 
	Parameter IS_PWRDWN_INVERTED bound to: 1'b0 
	Parameter IS_RST_INVERTED bound to: 1'b0 
	Parameter REF_JITTER1 bound to: 0.010000 - type: double 
	Parameter REF_JITTER2 bound to: 0.010000 - type: double 
	Parameter SS_EN bound to: FALSE - type: string 
	Parameter SS_MODE bound to: CENTER_HIGH - type: string 
	Parameter SS_MOD_PERIOD bound to: 10000 - type: integer 
	Parameter STARTUP_WAIT bound to: FALSE - type: string 
INFO: [Synth 8-6155] done synthesizing module 'MMCME2_ADV' (5#1) [D:/Xilinx/Vivado/2020.1/scripts/rt/data/unisim_comp.v:39994]
INFO: [Synth 8-6155] done synthesizing module 'system_video_dynclk_0_clk_wiz' (6#1) [d:/Xilinx/Project_NR/again/hw.srcs/sources_1/bd/system/ip/system_video_dynclk_0/system_video_dynclk_0_clk_wiz.v:68]
	Parameter S1_CLKFBOUT_MULT bound to: 37 - type: integer 
	Parameter S1_CLKFBOUT_PHASE bound to: 0 - type: integer 
	Parameter S1_CLKFBOUT_FRAC bound to: 1149 - type: integer 
	Parameter S1_CLKFBOUT_FRAC_EN bound to: 1 - type: integer 
	Parameter S1_BANDWIDTH bound to: OPTIMIZED - type: string 
	Parameter S1_DIVCLK_DIVIDE bound to: 5 - type: integer 
	Parameter S1_CLKOUT0_DIVIDE bound to: 1 - type: integer 
	Parameter S1_CLKOUT0_PHASE bound to: 0 - type: integer 
	Parameter S1_CLKOUT0_DUTY bound to: 50000 - type: integer 
	Parameter S1_CLKOUT0_FRAC bound to: 0 - type: integer 
	Parameter S1_CLKOUT0_FRAC_EN bound to: 0 - type: integer 
	Parameter S1_CLKOUT1_DIVIDE bound to: 1 - type: integer 
	Parameter S1_CLKOUT1_PHASE bound to: 0 - type: integer 
	Parameter S1_CLKOUT1_DUTY bound to: 50000 - type: integer 
	Parameter S1_CLKOUT2_DIVIDE bound to: 1 - type: integer 
	Parameter S1_CLKOUT2_PHASE bound to: 0 - type: integer 
	Parameter S1_CLKOUT2_DUTY bound to: 50000 - type: integer 
	Parameter S1_CLKOUT3_DIVIDE bound to: 1 - type: integer 
	Parameter S1_CLKOUT3_PHASE bound to: 0 - type: integer 
	Parameter S1_CLKOUT3_DUTY bound to: 50000 - type: integer 
	Parameter S1_CLKOUT4_DIVIDE bound to: 1 - type: integer 
	Parameter S1_CLKOUT4_PHASE bound to: 0 - type: integer 
	Parameter S1_CLKOUT4_DUTY bound to: 50000 - type: integer 
	Parameter S1_CLKOUT5_DIVIDE bound to: 1 - type: integer 
	Parameter S1_CLKOUT5_PHASE bound to: 0 - type: integer 
	Parameter S1_CLKOUT5_DUTY bound to: 50000 - type: integer 
	Parameter S1_CLKOUT6_DIVIDE bound to: 1 - type: integer 
	Parameter S1_CLKOUT6_PHASE bound to: 0 - type: integer 
	Parameter S1_CLKOUT6_DUTY bound to: 50000 - type: integer 
INFO: [Synth 8-3491] module 'system_video_dynclk_0_mmcm_drp' declared at 'd:/Xilinx/Project_NR/again/hw.srcs/sources_1/bd/system/ip/system_video_dynclk_0/system_video_dynclk_0_mmcm_pll_drp.v:47' bound to instance 'mmcm_drp_inst' of component 'system_video_dynclk_0_mmcm_drp' [d:/Xilinx/Project_NR/again/hw.srcs/sources_1/bd/system/ip/system_video_dynclk_0/system_video_dynclk_0_clk_wiz_drp.vhd:570]
INFO: [Synth 8-6157] synthesizing module 'system_video_dynclk_0_mmcm_drp' [d:/Xilinx/Project_NR/again/hw.srcs/sources_1/bd/system/ip/system_video_dynclk_0/system_video_dynclk_0_mmcm_pll_drp.v:47]
	Parameter S1_CLKFBOUT_MULT bound to: 37 - type: integer 
	Parameter S1_CLKFBOUT_PHASE bound to: 0 - type: integer 
	Parameter S1_CLKFBOUT_FRAC bound to: 1149 - type: integer 
	Parameter S1_CLKFBOUT_FRAC_EN bound to: 1 - type: integer 
	Parameter S1_BANDWIDTH bound to: OPTIMIZED - type: string 
	Parameter S1_DIVCLK_DIVIDE bound to: 5 - type: integer 
	Parameter S1_CLKOUT0_DIVIDE bound to: 1 - type: integer 
	Parameter S1_CLKOUT0_PHASE bound to: 0 - type: integer 
	Parameter S1_CLKOUT0_DUTY bound to: 50000 - type: integer 
	Parameter S1_CLKOUT0_FRAC bound to: 0 - type: integer 
	Parameter S1_CLKOUT0_FRAC_EN bound to: 0 - type: integer 
	Parameter S1_CLKOUT1_DIVIDE bound to: 1 - type: integer 
	Parameter S1_CLKOUT1_PHASE bound to: 0 - type: integer 
	Parameter S1_CLKOUT1_DUTY bound to: 50000 - type: integer 
	Parameter S1_CLKOUT2_DIVIDE bound to: 1 - type: integer 
	Parameter S1_CLKOUT2_PHASE bound to: 0 - type: integer 
	Parameter S1_CLKOUT2_DUTY bound to: 50000 - type: integer 
	Parameter S1_CLKOUT3_DIVIDE bound to: 1 - type: integer 
	Parameter S1_CLKOUT3_PHASE bound to: 0 - type: integer 
	Parameter S1_CLKOUT3_DUTY bound to: 50000 - type: integer 
	Parameter S1_CLKOUT4_DIVIDE bound to: 1 - type: integer 
	Parameter S1_CLKOUT4_PHASE bound to: 0 - type: integer 
	Parameter S1_CLKOUT4_DUTY bound to: 50000 - type: integer 
	Parameter S1_CLKOUT5_DIVIDE bound to: 1 - type: integer 
	Parameter S1_CLKOUT5_PHASE bound to: 0 - type: integer 
	Parameter S1_CLKOUT5_DUTY bound to: 50000 - type: integer 
	Parameter S1_CLKOUT6_DIVIDE bound to: 1 - type: integer 
	Parameter S1_CLKOUT6_PHASE bound to: 0 - type: integer 
	Parameter S1_CLKOUT6_DUTY bound to: 50000 - type: integer 
	Parameter TCQ bound to: 100 - type: integer 
	Parameter S2_BANDWIDTH bound to: LOW - type: string 
	Parameter S1_CLKFBOUT bound to: 38'b00000000000000100000000000010010010011 
	Parameter S1_CLKFBOUT_FRAC_CALC bound to: 38'b00100100011000100000000000010010010001 
	Parameter S1_DIGITAL_FILT bound to: 10'b0011010000 
	Parameter S1_LOCK bound to: 40'b1111111111001111101011111010010000000001 
	Parameter S1_DIVCLK bound to: 38'b00000000000000100000000000000010000011 
	Parameter S1_CLKOUT0 bound to: 38'b00000000000000010000000000000001000001 
	Parameter S1_CLKOUT0_FRAC_CALC bound to: 38'b00100100001100010000000000111111111111 
	Parameter S1_CLKOUT1 bound to: 38'b00000000000000010000000000000001000001 
	Parameter S1_CLKOUT2 bound to: 38'b00000000000000010000000000000001000001 
	Parameter S1_CLKOUT3 bound to: 38'b00000000000000010000000000000001000001 
	Parameter S1_CLKOUT4 bound to: 38'b00000000000000010000000000000001000001 
	Parameter S1_CLKOUT5 bound to: 38'b00000000000000010000000000000001000001 
	Parameter S1_CLKOUT6 bound to: 38'b00000000000000010000000000000001000001 
	Parameter RESTART bound to: 4'b0001 
	Parameter WAIT_LOCK bound to: 4'b0010 
	Parameter WAIT_SEN bound to: 4'b0011 
	Parameter ADDRESS bound to: 4'b0100 
	Parameter WAIT_A_DRDY bound to: 4'b0101 
	Parameter BITMASK bound to: 4'b0110 
	Parameter BITSET bound to: 4'b0111 
	Parameter WRITE bound to: 4'b1000 
	Parameter WAIT_DRDY bound to: 4'b1001 
	Parameter STATE_COUNT_CONST bound to: 23 - type: integer 
INFO: [Synth 8-6155] done synthesizing module 'system_video_dynclk_0_mmcm_drp' (7#1) [d:/Xilinx/Project_NR/again/hw.srcs/sources_1/bd/system/ip/system_video_dynclk_0/system_video_dynclk_0_mmcm_pll_drp.v:47]
INFO: [Synth 8-256] done synthesizing module 'system_video_dynclk_0_clk_wiz_drp' (8#1) [d:/Xilinx/Project_NR/again/hw.srcs/sources_1/bd/system/ip/system_video_dynclk_0/system_video_dynclk_0_clk_wiz_drp.vhd:153]
INFO: [Synth 8-638] synthesizing module 'system_video_dynclk_0_soft_reset' [d:/Xilinx/Project_NR/again/hw.srcs/sources_1/bd/system/ip/system_video_dynclk_0/proc_common_v3_00_a/hdl/src/vhdl/system_video_dynclk_0_soft_reset.vhd:142]
	Parameter C_SIPIF_DWIDTH bound to: 32 - type: integer 
	Parameter C_RESET_WIDTH bound to: 16 - type: integer 
	Parameter INIT bound to: 1'b0 
	Parameter IS_CE_INVERTED bound to: 1'b0 
	Parameter IS_C_INVERTED bound to: 1'b0 
	Parameter IS_D_INVERTED bound to: 1'b0 
	Parameter IS_R_INVERTED bound to: 1'b0 
	Parameter IS_S_INVERTED bound to: 1'b0 
INFO: [Synth 8-113] binding component instance 'RST_FLOPS' to cell 'FDRSE' [d:/Xilinx/Project_NR/again/hw.srcs/sources_1/bd/system/ip/system_video_dynclk_0/proc_common_v3_00_a/hdl/src/vhdl/system_video_dynclk_0_soft_reset.vhd:273]
	Parameter INIT bound to: 1'b0 
	Parameter IS_CE_INVERTED bound to: 1'b0 
	Parameter IS_C_INVERTED bound to: 1'b0 
	Parameter IS_D_INVERTED bound to: 1'b0 
	Parameter IS_R_INVERTED bound to: 1'b0 
	Parameter IS_S_INVERTED bound to: 1'b0 
INFO: [Synth 8-113] binding component instance 'RST_FLOPS' to cell 'FDRSE' [d:/Xilinx/Project_NR/again/hw.srcs/sources_1/bd/system/ip/system_video_dynclk_0/proc_common_v3_00_a/hdl/src/vhdl/system_video_dynclk_0_soft_reset.vhd:273]
	Parameter INIT bound to: 1'b0 
	Parameter IS_CE_INVERTED bound to: 1'b0 
	Parameter IS_C_INVERTED bound to: 1'b0 
	Parameter IS_D_INVERTED bound to: 1'b0 
	Parameter IS_R_INVERTED bound to: 1'b0 
	Parameter IS_S_INVERTED bound to: 1'b0 
INFO: [Synth 8-113] binding component instance 'RST_FLOPS' to cell 'FDRSE' [d:/Xilinx/Project_NR/again/hw.srcs/sources_1/bd/system/ip/system_video_dynclk_0/proc_common_v3_00_a/hdl/src/vhdl/system_video_dynclk_0_soft_reset.vhd:273]
	Parameter INIT bound to: 1'b0 
	Parameter IS_CE_INVERTED bound to: 1'b0 
	Parameter IS_C_INVERTED bound to: 1'b0 
	Parameter IS_D_INVERTED bound to: 1'b0 
	Parameter IS_R_INVERTED bound to: 1'b0 
	Parameter IS_S_INVERTED bound to: 1'b0 
INFO: [Synth 8-113] binding component instance 'RST_FLOPS' to cell 'FDRSE' [d:/Xilinx/Project_NR/again/hw.srcs/sources_1/bd/system/ip/system_video_dynclk_0/proc_common_v3_00_a/hdl/src/vhdl/system_video_dynclk_0_soft_reset.vhd:273]
	Parameter INIT bound to: 1'b0 
	Parameter IS_CE_INVERTED bound to: 1'b0 
	Parameter IS_C_INVERTED bound to: 1'b0 
	Parameter IS_D_INVERTED bound to: 1'b0 
	Parameter IS_R_INVERTED bound to: 1'b0 
	Parameter IS_S_INVERTED bound to: 1'b0 
INFO: [Synth 8-113] binding component instance 'RST_FLOPS' to cell 'FDRSE' [d:/Xilinx/Project_NR/again/hw.srcs/sources_1/bd/system/ip/system_video_dynclk_0/proc_common_v3_00_a/hdl/src/vhdl/system_video_dynclk_0_soft_reset.vhd:273]
	Parameter INIT bound to: 1'b0 
	Parameter IS_CE_INVERTED bound to: 1'b0 
	Parameter IS_C_INVERTED bound to: 1'b0 
	Parameter IS_D_INVERTED bound to: 1'b0 
	Parameter IS_R_INVERTED bound to: 1'b0 
	Parameter IS_S_INVERTED bound to: 1'b0 
INFO: [Synth 8-113] binding component instance 'RST_FLOPS' to cell 'FDRSE' [d:/Xilinx/Project_NR/again/hw.srcs/sources_1/bd/system/ip/system_video_dynclk_0/proc_common_v3_00_a/hdl/src/vhdl/system_video_dynclk_0_soft_reset.vhd:273]
	Parameter INIT bound to: 1'b0 
	Parameter IS_CE_INVERTED bound to: 1'b0 
	Parameter IS_C_INVERTED bound to: 1'b0 
	Parameter IS_D_INVERTED bound to: 1'b0 
	Parameter IS_R_INVERTED bound to: 1'b0 
	Parameter IS_S_INVERTED bound to: 1'b0 
INFO: [Synth 8-113] binding component instance 'RST_FLOPS' to cell 'FDRSE' [d:/Xilinx/Project_NR/again/hw.srcs/sources_1/bd/system/ip/system_video_dynclk_0/proc_common_v3_00_a/hdl/src/vhdl/system_video_dynclk_0_soft_reset.vhd:273]
	Parameter INIT bound to: 1'b0 
	Parameter IS_CE_INVERTED bound to: 1'b0 
	Parameter IS_C_INVERTED bound to: 1'b0 
	Parameter IS_D_INVERTED bound to: 1'b0 
	Parameter IS_R_INVERTED bound to: 1'b0 
	Parameter IS_S_INVERTED bound to: 1'b0 
INFO: [Synth 8-113] binding component instance 'RST_FLOPS' to cell 'FDRSE' [d:/Xilinx/Project_NR/again/hw.srcs/sources_1/bd/system/ip/system_video_dynclk_0/proc_common_v3_00_a/hdl/src/vhdl/system_video_dynclk_0_soft_reset.vhd:273]
	Parameter INIT bound to: 1'b0 
	Parameter IS_CE_INVERTED bound to: 1'b0 
	Parameter IS_C_INVERTED bound to: 1'b0 
	Parameter IS_D_INVERTED bound to: 1'b0 
	Parameter IS_R_INVERTED bound to: 1'b0 
	Parameter IS_S_INVERTED bound to: 1'b0 
INFO: [Synth 8-113] binding component instance 'RST_FLOPS' to cell 'FDRSE' [d:/Xilinx/Project_NR/again/hw.srcs/sources_1/bd/system/ip/system_video_dynclk_0/proc_common_v3_00_a/hdl/src/vhdl/system_video_dynclk_0_soft_reset.vhd:273]
	Parameter INIT bound to: 1'b0 
	Parameter IS_CE_INVERTED bound to: 1'b0 
	Parameter IS_C_INVERTED bound to: 1'b0 
	Parameter IS_D_INVERTED bound to: 1'b0 
	Parameter IS_R_INVERTED bound to: 1'b0 
	Parameter IS_S_INVERTED bound to: 1'b0 
INFO: [Synth 8-113] binding component instance 'RST_FLOPS' to cell 'FDRSE' [d:/Xilinx/Project_NR/again/hw.srcs/sources_1/bd/system/ip/system_video_dynclk_0/proc_common_v3_00_a/hdl/src/vhdl/system_video_dynclk_0_soft_reset.vhd:273]
	Parameter INIT bound to: 1'b0 
	Parameter IS_CE_INVERTED bound to: 1'b0 
	Parameter IS_C_INVERTED bound to: 1'b0 
	Parameter IS_D_INVERTED bound to: 1'b0 
	Parameter IS_R_INVERTED bound to: 1'b0 
	Parameter IS_S_INVERTED bound to: 1'b0 
INFO: [Synth 8-113] binding component instance 'RST_FLOPS' to cell 'FDRSE' [d:/Xilinx/Project_NR/again/hw.srcs/sources_1/bd/system/ip/system_video_dynclk_0/proc_common_v3_00_a/hdl/src/vhdl/system_video_dynclk_0_soft_reset.vhd:273]
	Parameter INIT bound to: 1'b0 
	Parameter IS_CE_INVERTED bound to: 1'b0 
	Parameter IS_C_INVERTED bound to: 1'b0 
	Parameter IS_D_INVERTED bound to: 1'b0 
	Parameter IS_R_INVERTED bound to: 1'b0 
	Parameter IS_S_INVERTED bound to: 1'b0 
INFO: [Synth 8-113] binding component instance 'RST_FLOPS' to cell 'FDRSE' [d:/Xilinx/Project_NR/again/hw.srcs/sources_1/bd/system/ip/system_video_dynclk_0/proc_common_v3_00_a/hdl/src/vhdl/system_video_dynclk_0_soft_reset.vhd:273]
	Parameter INIT bound to: 1'b0 
	Parameter IS_CE_INVERTED bound to: 1'b0 
	Parameter IS_C_INVERTED bound to: 1'b0 
	Parameter IS_D_INVERTED bound to: 1'b0 
	Parameter IS_R_INVERTED bound to: 1'b0 
	Parameter IS_S_INVERTED bound to: 1'b0 
INFO: [Synth 8-113] binding component instance 'RST_FLOPS' to cell 'FDRSE' [d:/Xilinx/Project_NR/again/hw.srcs/sources_1/bd/system/ip/system_video_dynclk_0/proc_common_v3_00_a/hdl/src/vhdl/system_video_dynclk_0_soft_reset.vhd:273]
	Parameter INIT bound to: 1'b0 
	Parameter IS_CE_INVERTED bound to: 1'b0 
	Parameter IS_C_INVERTED bound to: 1'b0 
	Parameter IS_D_INVERTED bound to: 1'b0 
	Parameter IS_R_INVERTED bound to: 1'b0 
	Parameter IS_S_INVERTED bound to: 1'b0 
INFO: [Synth 8-113] binding component instance 'RST_FLOPS' to cell 'FDRSE' [d:/Xilinx/Project_NR/again/hw.srcs/sources_1/bd/system/ip/system_video_dynclk_0/proc_common_v3_00_a/hdl/src/vhdl/system_video_dynclk_0_soft_reset.vhd:273]
	Parameter INIT bound to: 1'b0 
	Parameter IS_CE_INVERTED bound to: 1'b0 
	Parameter IS_C_INVERTED bound to: 1'b0 
	Parameter IS_D_INVERTED bound to: 1'b0 
	Parameter IS_R_INVERTED bound to: 1'b0 
	Parameter IS_S_INVERTED bound to: 1'b0 
INFO: [Synth 8-113] binding component instance 'RST_FLOPS' to cell 'FDRSE' [d:/Xilinx/Project_NR/again/hw.srcs/sources_1/bd/system/ip/system_video_dynclk_0/proc_common_v3_00_a/hdl/src/vhdl/system_video_dynclk_0_soft_reset.vhd:273]
	Parameter INIT bound to: 1'b0 
	Parameter IS_CE_INVERTED bound to: 1'b0 
	Parameter IS_C_INVERTED bound to: 1'b0 
	Parameter IS_D_INVERTED bound to: 1'b0 
	Parameter IS_R_INVERTED bound to: 1'b0 
	Parameter IS_S_INVERTED bound to: 1'b0 
INFO: [Synth 8-113] binding component instance 'RST_FLOPS' to cell 'FDRSE' [d:/Xilinx/Project_NR/again/hw.srcs/sources_1/bd/system/ip/system_video_dynclk_0/proc_common_v3_00_a/hdl/src/vhdl/system_video_dynclk_0_soft_reset.vhd:273]
	Parameter INIT bound to: 1'b0 
	Parameter IS_CE_INVERTED bound to: 1'b0 
	Parameter IS_C_INVERTED bound to: 1'b0 
	Parameter IS_D_INVERTED bound to: 1'b0 
	Parameter IS_R_INVERTED bound to: 1'b0 
	Parameter IS_S_INVERTED bound to: 1'b0 
INFO: [Synth 8-113] binding component instance 'FF_WRACK' to cell 'FDRSE' [d:/Xilinx/Project_NR/again/hw.srcs/sources_1/bd/system/ip/system_video_dynclk_0/proc_common_v3_00_a/hdl/src/vhdl/system_video_dynclk_0_soft_reset.vhd:296]
INFO: [Synth 8-256] done synthesizing module 'system_video_dynclk_0_soft_reset' (9#1) [d:/Xilinx/Project_NR/again/hw.srcs/sources_1/bd/system/ip/system_video_dynclk_0/proc_common_v3_00_a/hdl/src/vhdl/system_video_dynclk_0_soft_reset.vhd:142]
INFO: [Synth 8-256] done synthesizing module 'system_video_dynclk_0_axi_clk_config' (10#1) [d:/Xilinx/Project_NR/again/hw.srcs/sources_1/bd/system/ip/system_video_dynclk_0/system_video_dynclk_0_axi_clk_config.vhd:177]
INFO: [Synth 8-6155] done synthesizing module 'system_video_dynclk_0' (11#1) [d:/Xilinx/Project_NR/again/hw.srcs/sources_1/bd/system/ip/system_video_dynclk_0/system_video_dynclk_0.v:70]
---------------------------------------------------------------------------------
Finished RTL Elaboration : Time (s): cpu = 00:00:14 ; elapsed = 00:00:16 . Memory (MB): peak = 1086.816 ; gain = 24.621
---------------------------------------------------------------------------------
---------------------------------------------------------------------------------
Start Handling Custom Attributes
---------------------------------------------------------------------------------
---------------------------------------------------------------------------------
Finished Handling Custom Attributes : Time (s): cpu = 00:00:16 ; elapsed = 00:00:18 . Memory (MB): peak = 1086.816 ; gain = 24.621
---------------------------------------------------------------------------------
---------------------------------------------------------------------------------
Finished RTL Optimization Phase 1 : Time (s): cpu = 00:00:16 ; elapsed = 00:00:18 . Memory (MB): peak = 1086.816 ; gain = 24.621
---------------------------------------------------------------------------------
Netlist sorting complete. Time (s): cpu = 00:00:01 ; elapsed = 00:00:00.112 . Memory (MB): peak = 1086.816 ; gain = 0.000
INFO: [Netlist 29-17] Analyzing 18 Unisim elements for replacement
INFO: [Netlist 29-28] Unisim Transformation completed in 0 CPU seconds
INFO: [Project 1-570] Preparing netlist for logic optimization

Processing XDC Constraints
Initializing timing engine
Parsing XDC File [d:/Xilinx/Project_NR/again/hw.srcs/sources_1/bd/system/ip/system_video_dynclk_0/system_video_dynclk_0_ooc.xdc] for cell 'inst'
Finished Parsing XDC File [d:/Xilinx/Project_NR/again/hw.srcs/sources_1/bd/system/ip/system_video_dynclk_0/system_video_dynclk_0_ooc.xdc] for cell 'inst'
Parsing XDC File [d:/Xilinx/Project_NR/again/hw.srcs/sources_1/bd/system/ip/system_video_dynclk_0/system_video_dynclk_0_board.xdc] for cell 'inst'
Finished Parsing XDC File [d:/Xilinx/Project_NR/again/hw.srcs/sources_1/bd/system/ip/system_video_dynclk_0/system_video_dynclk_0_board.xdc] for cell 'inst'
Parsing XDC File [d:/Xilinx/Project_NR/again/hw.srcs/sources_1/bd/system/ip/system_video_dynclk_0/system_video_dynclk_0.xdc] for cell 'inst'
Finished Parsing XDC File [d:/Xilinx/Project_NR/again/hw.srcs/sources_1/bd/system/ip/system_video_dynclk_0/system_video_dynclk_0.xdc] for cell 'inst'
Parsing XDC File [D:/Xilinx/Project_NR/again/hw.runs/system_video_dynclk_0_synth_1/dont_touch.xdc]
Finished Parsing XDC File [D:/Xilinx/Project_NR/again/hw.runs/system_video_dynclk_0_synth_1/dont_touch.xdc]
Parsing XDC File [d:/Xilinx/Project_NR/again/hw.srcs/sources_1/bd/system/ip/system_video_dynclk_0/system_video_dynclk_0_late.xdc] for cell 'inst'
Finished Parsing XDC File [d:/Xilinx/Project_NR/again/hw.srcs/sources_1/bd/system/ip/system_video_dynclk_0/system_video_dynclk_0_late.xdc] for cell 'inst'
Completed Processing XDC Constraints

Netlist sorting complete. Time (s): cpu = 00:00:00 ; elapsed = 00:00:00.002 . Memory (MB): peak = 1195.125 ; gain = 0.000
INFO: [Project 1-111] Unisim Transformation Summary:
  A total of 17 instances were transformed.
  FDRSE => FDRSE (FDRE, LUT4, VCC): 17 instances

INFO: [Timing 38-2] Deriving generated clocks
Constraint Validation Runtime : Time (s): cpu = 00:00:00 ; elapsed = 00:00:00.375 . Memory (MB): peak = 1208.883 ; gain = 13.758
---------------------------------------------------------------------------------
Finished Constraint Validation : Time (s): cpu = 00:00:32 ; elapsed = 00:00:35 . Memory (MB): peak = 1208.883 ; gain = 146.688
---------------------------------------------------------------------------------
---------------------------------------------------------------------------------
Start Loading Part and Timing Information
---------------------------------------------------------------------------------
Loading part: xc7z020clg400-1
---------------------------------------------------------------------------------
Finished Loading Part and Timing Information : Time (s): cpu = 00:00:32 ; elapsed = 00:00:35 . Memory (MB): peak = 1208.883 ; gain = 146.688
---------------------------------------------------------------------------------
---------------------------------------------------------------------------------
Start Applying 'set_property' XDC Constraints
---------------------------------------------------------------------------------
Applied set_property DONT_TOUCH = true for inst. (constraint file  D:/Xilinx/Project_NR/again/hw.runs/system_video_dynclk_0_synth_1/dont_touch.xdc, line 9).
---------------------------------------------------------------------------------
Finished applying 'set_property' XDC Constraints : Time (s): cpu = 00:00:33 ; elapsed = 00:00:36 . Memory (MB): peak = 1208.883 ; gain = 146.688
---------------------------------------------------------------------------------
INFO: [Synth 8-802] inferred FSM for state register 'state_reg' in module 'system_video_dynclk_0_slave_attachment'
---------------------------------------------------------------------------------------------------
                   State |                     New Encoding |                Previous Encoding 
---------------------------------------------------------------------------------------------------
                 iSTATE2 |                             0001 |                               00
                  iSTATE |                             0010 |                               01
                 iSTATE0 |                             0100 |                               10
                 iSTATE1 |                             1000 |                               11
---------------------------------------------------------------------------------------------------
INFO: [Synth 8-3354] encoded FSM with state register 'state_reg' using encoding 'one-hot' in module 'system_video_dynclk_0_slave_attachment'
---------------------------------------------------------------------------------
Finished RTL Optimization Phase 2 : Time (s): cpu = 00:00:44 ; elapsed = 00:00:49 . Memory (MB): peak = 1208.883 ; gain = 146.688
---------------------------------------------------------------------------------
---------------------------------------------------------------------------------
Start RTL Component Statistics 
---------------------------------------------------------------------------------
Detailed RTL Component Info : 
+---Adders : 
	   2 Input   32 Bit       Adders := 1     
	   4 Input    8 Bit       Adders := 2     
	   2 Input    7 Bit       Adders := 1     
	   2 Input    6 Bit       Adders := 10    
	   3 Input    6 Bit       Adders := 13    
	   2 Input    5 Bit       Adders := 1     
+---Registers : 
	               39 Bit    Registers := 26    
	               32 Bit    Registers := 34    
	               26 Bit    Registers := 1     
	               18 Bit    Registers := 1     
	               16 Bit    Registers := 6     
	               11 Bit    Registers := 1     
	                7 Bit    Registers := 2     
	                6 Bit    Registers := 1     
	                5 Bit    Registers := 1     
	                4 Bit    Registers := 1     
	                2 Bit    Registers := 3     
	                1 Bit    Registers := 42    
+---Multipliers : 
	               4x32  Multipliers := 1     
	               6x32  Multipliers := 1     
+---Muxes : 
	   3 Input   39 Bit        Muxes := 6     
	   2 Input   39 Bit        Muxes := 6     
	   2 Input   32 Bit        Muxes := 4     
	   7 Input   32 Bit        Muxes := 1     
	  10 Input   16 Bit        Muxes := 1     
	   3 Input   12 Bit        Muxes := 2     
	   2 Input   11 Bit        Muxes := 1     
	   2 Input    7 Bit        Muxes := 9     
	  10 Input    7 Bit        Muxes := 1     
	   2 Input    6 Bit        Muxes := 27    
	  10 Input    6 Bit        Muxes := 1     
	  10 Input    5 Bit        Muxes := 1     
	   2 Input    5 Bit        Muxes := 1     
	   2 Input    4 Bit        Muxes := 7     
	   4 Input    4 Bit        Muxes := 1     
	   2 Input    3 Bit        Muxes := 3     
	   7 Input    3 Bit        Muxes := 1     
	   7 Input    2 Bit        Muxes := 1     
	   2 Input    2 Bit        Muxes := 2     
	  10 Input    1 Bit        Muxes := 9     
	   2 Input    1 Bit        Muxes := 123   
	   5 Input    1 Bit        Muxes := 37    
---------------------------------------------------------------------------------
Finished RTL Component Statistics 
---------------------------------------------------------------------------------
---------------------------------------------------------------------------------
Start Part Resource Summary
---------------------------------------------------------------------------------
Part Resources:
DSPs: 220 (col length:60)
BRAMs: 280 (col length: RAMB18 60 RAMB36 30)
---------------------------------------------------------------------------------
Finished Part Resource Summary
---------------------------------------------------------------------------------
---------------------------------------------------------------------------------
Start Cross Boundary and Area Optimization
---------------------------------------------------------------------------------
---------------------------------------------------------------------------------
Finished Cross Boundary and Area Optimization : Time (s): cpu = 00:02:02 ; elapsed = 00:02:10 . Memory (MB): peak = 1208.883 ; gain = 146.688
---------------------------------------------------------------------------------
---------------------------------------------------------------------------------
Start Applying XDC Timing Constraints
---------------------------------------------------------------------------------
---------------------------------------------------------------------------------
Finished Applying XDC Timing Constraints : Time (s): cpu = 00:02:36 ; elapsed = 00:02:48 . Memory (MB): peak = 1208.883 ; gain = 146.688
---------------------------------------------------------------------------------
---------------------------------------------------------------------------------
Start Timing Optimization
---------------------------------------------------------------------------------
---------------------------------------------------------------------------------
Finished Timing Optimization : Time (s): cpu = 00:03:15 ; elapsed = 00:03:30 . Memory (MB): peak = 1242.305 ; gain = 180.109
---------------------------------------------------------------------------------
---------------------------------------------------------------------------------
Start Technology Mapping
---------------------------------------------------------------------------------
---------------------------------------------------------------------------------
Finished Technology Mapping : Time (s): cpu = 00:03:19 ; elapsed = 00:03:34 . Memory (MB): peak = 1258.785 ; gain = 196.590
---------------------------------------------------------------------------------
---------------------------------------------------------------------------------
Start IO Insertion
---------------------------------------------------------------------------------
---------------------------------------------------------------------------------
Start Flattening Before IO Insertion
---------------------------------------------------------------------------------
---------------------------------------------------------------------------------
Finished Flattening Before IO Insertion
---------------------------------------------------------------------------------
---------------------------------------------------------------------------------
Start Final Netlist Cleanup
---------------------------------------------------------------------------------
---------------------------------------------------------------------------------
Finished Final Netlist Cleanup
---------------------------------------------------------------------------------
---------------------------------------------------------------------------------
Finished IO Insertion : Time (s): cpu = 00:03:28 ; elapsed = 00:03:43 . Memory (MB): peak = 1258.785 ; gain = 196.590
---------------------------------------------------------------------------------
---------------------------------------------------------------------------------
Start Renaming Generated Instances
---------------------------------------------------------------------------------
---------------------------------------------------------------------------------
Finished Renaming Generated Instances : Time (s): cpu = 00:03:28 ; elapsed = 00:03:44 . Memory (MB): peak = 1258.785 ; gain = 196.590
---------------------------------------------------------------------------------
---------------------------------------------------------------------------------
Start Rebuilding User Hierarchy
---------------------------------------------------------------------------------
---------------------------------------------------------------------------------
Finished Rebuilding User Hierarchy : Time (s): cpu = 00:03:29 ; elapsed = 00:03:44 . Memory (MB): peak = 1258.785 ; gain = 196.590
---------------------------------------------------------------------------------
---------------------------------------------------------------------------------
Start Renaming Generated Ports
---------------------------------------------------------------------------------
---------------------------------------------------------------------------------
Finished Renaming Generated Ports : Time (s): cpu = 00:03:29 ; elapsed = 00:03:44 . Memory (MB): peak = 1258.785 ; gain = 196.590
---------------------------------------------------------------------------------
---------------------------------------------------------------------------------
Start Handling Custom Attributes
---------------------------------------------------------------------------------
---------------------------------------------------------------------------------
Finished Handling Custom Attributes : Time (s): cpu = 00:03:29 ; elapsed = 00:03:44 . Memory (MB): peak = 1258.785 ; gain = 196.590
---------------------------------------------------------------------------------
---------------------------------------------------------------------------------
Start Renaming Generated Nets
---------------------------------------------------------------------------------
---------------------------------------------------------------------------------
Finished Renaming Generated Nets : Time (s): cpu = 00:03:29 ; elapsed = 00:03:44 . Memory (MB): peak = 1258.785 ; gain = 196.590
---------------------------------------------------------------------------------
---------------------------------------------------------------------------------
Start Writing Synthesis Report
---------------------------------------------------------------------------------

Report BlackBoxes: 
+-+--------------+----------+
| |BlackBox name |Instances |
+-+--------------+----------+
+-+--------------+----------+

Report Cell Usage: 
+------+-----------+------+
|      |Cell       |Count |
+------+-----------+------+
|1     |CARRY4     |    34|
|2     |LUT1       |     3|
|3     |LUT2       |   179|
|4     |LUT3       |   170|
|5     |LUT4       |    80|
|6     |LUT5       |   158|
|7     |LUT6       |   690|
|8     |MMCME2_ADV |     1|
|9     |MUXF7      |   153|
|10    |MUXF8      |     2|
|11    |FDRE       |  1421|
|12    |FDSE       |    67|
+------+-----------+------+
---------------------------------------------------------------------------------
Finished Writing Synthesis Report : Time (s): cpu = 00:03:29 ; elapsed = 00:03:44 . Memory (MB): peak = 1258.785 ; gain = 196.590
---------------------------------------------------------------------------------
Synthesis finished with 0 errors, 0 critical warnings and 0 warnings.
Synthesis Optimization Runtime : Time (s): cpu = 00:03:07 ; elapsed = 00:03:38 . Memory (MB): peak = 1258.785 ; gain = 74.523
Synthesis Optimization Complete : Time (s): cpu = 00:03:29 ; elapsed = 00:03:45 . Memory (MB): peak = 1258.785 ; gain = 196.590
INFO: [Project 1-571] Translating synthesized netlist
Netlist sorting complete. Time (s): cpu = 00:00:00 ; elapsed = 00:00:00.068 . Memory (MB): peak = 1258.785 ; gain = 0.000
INFO: [Netlist 29-17] Analyzing 190 Unisim elements for replacement
INFO: [Netlist 29-28] Unisim Transformation completed in 0 CPU seconds
INFO: [Project 1-570] Preparing netlist for logic optimization
INFO: [Opt 31-138] Pushed 0 inverter(s) to 0 load pin(s).
Netlist sorting complete. Time (s): cpu = 00:00:00 ; elapsed = 00:00:00.002 . Memory (MB): peak = 1258.785 ; gain = 0.000
INFO: [Project 1-111] Unisim Transformation Summary:
No Unisim elements were transformed.

INFO: [Common 17-83] Releasing license: Synthesis
83 Infos, 0 Warnings, 0 Critical Warnings and 0 Errors encountered.
synth_design completed successfully
synth_design: Time (s): cpu = 00:03:43 ; elapsed = 00:04:05 . Memory (MB): peak = 1258.785 ; gain = 196.590
INFO: [Common 17-1381] The checkpoint 'D:/Xilinx/Project_NR/again/hw.runs/system_video_dynclk_0_synth_1/system_video_dynclk_0.dcp' has been generated.
WARNING: [Common 17-576] 'use_project_ipc' is deprecated. This option is deprecated and no longer used.
INFO: [Coretcl 2-1648] Added synthesis output to IP cache for IP system_video_dynclk_0, cache-ID = f03b75e2b494cce6
INFO: [Coretcl 2-1174] Renamed 8 cell refs.
INFO: [Common 17-1381] The checkpoint 'D:/Xilinx/Project_NR/again/hw.runs/system_video_dynclk_0_synth_1/system_video_dynclk_0.dcp' has been generated.
INFO: [runtcl-4] Executing : report_utilization -file system_video_dynclk_0_utilization_synth.rpt -pb system_video_dynclk_0_utilization_synth.pb
INFO: [Common 17-206] Exiting Vivado at Wed Jun 25 12:17:32 2025...
