
*** Running vivado
    with args -log system_AXI_GammaCorrection_0_0.vds -m64 -product Vivado -mode batch -messageDb vivado.pb -notrace -source system_AXI_GammaCorrection_0_0.tcl



****** Vivado v2020.1 (64-bit)
  **** SW Build 2902540 on Wed May 27 19:54:49 MDT 2020
  **** IP Build 2902112 on Wed May 27 22:43:36 MDT 2020
    ** Copyright 1986-2020 Xilinx, Inc. All Rights Reserved.

source system_AXI_GammaCorrection_0_0.tcl -notrace
create_project: Time (s): cpu = 00:00:04 ; elapsed = 00:00:09 . Memory (MB): peak = 1047.480 ; gain = 0.000
INFO: [IP_Flow 19-234] Refreshing IP repositories
INFO: [IP_Flow 19-1700] Loaded user IP repository 'd:/Xilinx/Project_NR/again/hw.ipdefs/repo'.
INFO: [IP_Flow 19-2313] Loaded Vivado IP repository 'D:/Xilinx/Vivado/2020.1/data/ip'.
Command: synth_design -top system_AXI_GammaCorrection_0_0 -part xc7z020clg400-1 -mode out_of_context
Starting synth_design
Attempting to get a license for feature 'Synthesis' and/or device 'xc7z020'
INFO: [Common 17-349] Got license for feature 'Synthesis' and/or device 'xc7z020'
INFO: [Device 21-403] Loading part xc7z020clg400-1
INFO: [Synth 8-7079] Multithreading enabled for synth_design using a maximum of 2 processes.
INFO: [Synth 8-7078] Launching helper process for spawning children vivado processes
INFO: [Synth 8-7075] Helper process launched with PID 1912
---------------------------------------------------------------------------------
Starting RTL Elaboration : Time (s): cpu = 00:00:11 ; elapsed = 00:00:22 . Memory (MB): peak = 1047.480 ; gain = 0.000
---------------------------------------------------------------------------------
INFO: [Synth 8-638] synthesizing module 'system_AXI_GammaCorrection_0_0' [d:/Xilinx/Project_NR/again/hw.srcs/sources_1/bd/system/ip/system_AXI_GammaCorrection_0_0/synth/system_AXI_GammaCorrection_0_0.vhd:94]
	Parameter kAXI_InputDataWidth bound to: 32 - type: integer 
	Parameter kAXI_OutputDataWidth bound to: 24 - type: integer 
	Parameter kInputColorWidth bound to: 10 - type: integer 
	Parameter C_S_AXI_DATA_WIDTH bound to: 32 - type: integer 
	Parameter C_S_AXI_ADDR_WIDTH bound to: 3 - type: integer 
INFO: [Synth 8-3491] module 'AXI_GammaCorrection' declared at 'd:/Xilinx/Project_NR/again/hw.srcs/sources_1/bd/system/ipshared/a507/hdl/AXI_GammaCorrection.vhd:57' bound to instance 'U0' of component 'AXI_GammaCorrection' [d:/Xilinx/Project_NR/again/hw.srcs/sources_1/bd/system/ip/system_AXI_GammaCorrection_0_0/synth/system_AXI_GammaCorrection_0_0.vhd:191]
INFO: [Synth 8-638] synthesizing module 'AXI_GammaCorrection' [d:/Xilinx/Project_NR/again/hw.srcs/sources_1/bd/system/ipshared/a507/hdl/AXI_GammaCorrection.vhd:143]
	Parameter kAXI_InputDataWidth bound to: 32 - type: integer 
	Parameter kInputColorWidth bound to: 10 - type: integer 
	Parameter kAXI_OutputDataWidth bound to: 24 - type: integer 
	Parameter C_S_AXI_DATA_WIDTH bound to: 32 - type: integer 
	Parameter C_S_AXI_ADDR_WIDTH bound to: 3 - type: integer 
INFO: [Synth 8-638] synthesizing module 'StoredGammaCoefs' [d:/Xilinx/Project_NR/again/hw.srcs/sources_1/bd/system/ipshared/a507/hdl/StoredGammaCoefs.vhd:53]
INFO: [Synth 8-256] done synthesizing module 'StoredGammaCoefs' (1#1) [d:/Xilinx/Project_NR/again/hw.srcs/sources_1/bd/system/ipshared/a507/hdl/StoredGammaCoefs.vhd:53]
INFO: [Synth 8-256] done synthesizing module 'AXI_GammaCorrection' (2#1) [d:/Xilinx/Project_NR/again/hw.srcs/sources_1/bd/system/ipshared/a507/hdl/AXI_GammaCorrection.vhd:143]
INFO: [Synth 8-256] done synthesizing module 'system_AXI_GammaCorrection_0_0' (3#1) [d:/Xilinx/Project_NR/again/hw.srcs/sources_1/bd/system/ip/system_AXI_GammaCorrection_0_0/synth/system_AXI_GammaCorrection_0_0.vhd:94]
---------------------------------------------------------------------------------
Finished RTL Elaboration : Time (s): cpu = 00:00:14 ; elapsed = 00:00:26 . Memory (MB): peak = 1064.840 ; gain = 17.359
---------------------------------------------------------------------------------
---------------------------------------------------------------------------------
Start Handling Custom Attributes
---------------------------------------------------------------------------------
---------------------------------------------------------------------------------
Finished Handling Custom Attributes : Time (s): cpu = 00:00:15 ; elapsed = 00:00:27 . Memory (MB): peak = 1064.840 ; gain = 17.359
---------------------------------------------------------------------------------
---------------------------------------------------------------------------------
Finished RTL Optimization Phase 1 : Time (s): cpu = 00:00:15 ; elapsed = 00:00:27 . Memory (MB): peak = 1064.840 ; gain = 17.359
---------------------------------------------------------------------------------
Netlist sorting complete. Time (s): cpu = 00:00:00 ; elapsed = 00:00:00.008 . Memory (MB): peak = 1064.840 ; gain = 0.000
INFO: [Project 1-570] Preparing netlist for logic optimization

Processing XDC Constraints
Initializing timing engine
Parsing XDC File [d:/Xilinx/Project_NR/again/hw.srcs/sources_1/bd/system/ip/system_AXI_GammaCorrection_0_0/xdc/AXI_GammaCorrection.xdc] for cell 'U0'
Finished Parsing XDC File [d:/Xilinx/Project_NR/again/hw.srcs/sources_1/bd/system/ip/system_AXI_GammaCorrection_0_0/xdc/AXI_GammaCorrection.xdc] for cell 'U0'
Parsing XDC File [D:/Xilinx/Project_NR/again/hw.runs/system_AXI_GammaCorrection_0_0_synth_1/dont_touch.xdc]
Finished Parsing XDC File [D:/Xilinx/Project_NR/again/hw.runs/system_AXI_GammaCorrection_0_0_synth_1/dont_touch.xdc]
Completed Processing XDC Constraints

Netlist sorting complete. Time (s): cpu = 00:00:00 ; elapsed = 00:00:00 . Memory (MB): peak = 1162.477 ; gain = 0.000
INFO: [Project 1-111] Unisim Transformation Summary:
No Unisim elements were transformed.

Constraint Validation Runtime : Time (s): cpu = 00:00:00 ; elapsed = 00:00:00.088 . Memory (MB): peak = 1165.617 ; gain = 3.141
---------------------------------------------------------------------------------
Finished Constraint Validation : Time (s): cpu = 00:00:30 ; elapsed = 00:00:43 . Memory (MB): peak = 1165.617 ; gain = 118.137
---------------------------------------------------------------------------------
---------------------------------------------------------------------------------
Start Loading Part and Timing Information
---------------------------------------------------------------------------------
Loading part: xc7z020clg400-1
---------------------------------------------------------------------------------
Finished Loading Part and Timing Information : Time (s): cpu = 00:00:30 ; elapsed = 00:00:43 . Memory (MB): peak = 1165.617 ; gain = 118.137
---------------------------------------------------------------------------------
---------------------------------------------------------------------------------
Start Applying 'set_property' XDC Constraints
---------------------------------------------------------------------------------
Applied set_property DONT_TOUCH = true for U0. (constraint file  D:/Xilinx/Project_NR/again/hw.runs/system_AXI_GammaCorrection_0_0_synth_1/dont_touch.xdc, line 9).
---------------------------------------------------------------------------------
Finished applying 'set_property' XDC Constraints : Time (s): cpu = 00:00:30 ; elapsed = 00:00:44 . Memory (MB): peak = 1165.617 ; gain = 118.137
---------------------------------------------------------------------------------
---------------------------------------------------------------------------------
Finished RTL Optimization Phase 2 : Time (s): cpu = 00:00:31 ; elapsed = 00:00:45 . Memory (MB): peak = 1165.617 ; gain = 118.137
---------------------------------------------------------------------------------
---------------------------------------------------------------------------------
Start RTL Component Statistics 
---------------------------------------------------------------------------------
Detailed RTL Component Info : 
+---Registers : 
	               32 Bit    Registers := 1     
	                8 Bit    Registers := 3     
	                3 Bit    Registers := 1     
	                2 Bit    Registers := 2     
	                1 Bit    Registers := 10    
+---Muxes : 
	   2 Input   32 Bit        Muxes := 2     
	   4 Input    8 Bit        Muxes := 3     
	   2 Input    8 Bit        Muxes := 3     
	   2 Input    1 Bit        Muxes := 9     
---------------------------------------------------------------------------------
Finished RTL Component Statistics 
---------------------------------------------------------------------------------
---------------------------------------------------------------------------------
Start Part Resource Summary
---------------------------------------------------------------------------------
Part Resources:
DSPs: 220 (col length:60)
BRAMs: 280 (col length: RAMB18 60 RAMB36 30)
---------------------------------------------------------------------------------
Finished Part Resource Summary
---------------------------------------------------------------------------------
---------------------------------------------------------------------------------
Start Cross Boundary and Area Optimization
---------------------------------------------------------------------------------
---------------------------------------------------------------------------------
Finished Cross Boundary and Area Optimization : Time (s): cpu = 00:01:19 ; elapsed = 00:01:35 . Memory (MB): peak = 1165.617 ; gain = 118.137
---------------------------------------------------------------------------------
---------------------------------------------------------------------------------
Start ROM, RAM, DSP and Shift Register Reporting
---------------------------------------------------------------------------------

ROM: Preliminary Mapping	Report
+--------------------+------------+---------------+----------------+
|Module Name         | RTL Object | Depth x Width | Implemented As | 
+--------------------+------------+---------------+----------------+
|StoredGammaCoefs    | p_0_out    | 1024x8        | LUT            | 
|StoredGammaCoefs    | p_0_out    | 1024x8        | LUT            | 
|StoredGammaCoefs    | p_0_out    | 1024x8        | LUT            | 
|StoredGammaCoefs    | p_0_out    | 1024x8        | LUT            | 
|AXI_GammaCorrection | p_0_out    | 1024x8        | LUT            | 
|AXI_GammaCorrection | p_0_out    | 1024x8        | LUT            | 
|AXI_GammaCorrection | p_0_out    | 1024x8        | LUT            | 
|AXI_GammaCorrection | p_0_out    | 1024x8        | LUT            | 
|AXI_GammaCorrection | p_0_out    | 1024x8        | LUT            | 
|AXI_GammaCorrection | p_0_out    | 1024x8        | LUT            | 
|AXI_GammaCorrection | p_0_out    | 1024x8        | LUT            | 
|AXI_GammaCorrection | p_0_out    | 1024x8        | LUT            | 
|AXI_GammaCorrection | p_0_out    | 1024x8        | LUT            | 
|AXI_GammaCorrection | p_0_out    | 1024x8        | LUT            | 
|AXI_GammaCorrection | p_0_out    | 1024x8        | LUT            | 
|AXI_GammaCorrection | p_0_out    | 1024x8        | LUT            | 
+--------------------+------------+---------------+----------------+

---------------------------------------------------------------------------------
Finished ROM, RAM, DSP and Shift Register Reporting
---------------------------------------------------------------------------------
---------------------------------------------------------------------------------
Start Applying XDC Timing Constraints
---------------------------------------------------------------------------------
---------------------------------------------------------------------------------
Finished Applying XDC Timing Constraints : Time (s): cpu = 00:01:38 ; elapsed = 00:01:55 . Memory (MB): peak = 1173.691 ; gain = 126.211
---------------------------------------------------------------------------------
---------------------------------------------------------------------------------
Start Timing Optimization
---------------------------------------------------------------------------------
---------------------------------------------------------------------------------
Finished Timing Optimization : Time (s): cpu = 00:01:38 ; elapsed = 00:01:55 . Memory (MB): peak = 1175.430 ; gain = 127.949
---------------------------------------------------------------------------------
---------------------------------------------------------------------------------
Start Technology Mapping
---------------------------------------------------------------------------------
---------------------------------------------------------------------------------
Finished Technology Mapping : Time (s): cpu = 00:01:40 ; elapsed = 00:01:57 . Memory (MB): peak = 1211.418 ; gain = 163.938
---------------------------------------------------------------------------------
---------------------------------------------------------------------------------
Start IO Insertion
---------------------------------------------------------------------------------
---------------------------------------------------------------------------------
Start Flattening Before IO Insertion
---------------------------------------------------------------------------------
---------------------------------------------------------------------------------
Finished Flattening Before IO Insertion
---------------------------------------------------------------------------------
---------------------------------------------------------------------------------
Start Final Netlist Cleanup
---------------------------------------------------------------------------------
---------------------------------------------------------------------------------
Finished Final Netlist Cleanup
---------------------------------------------------------------------------------
---------------------------------------------------------------------------------
Finished IO Insertion : Time (s): cpu = 00:01:50 ; elapsed = 00:02:07 . Memory (MB): peak = 1217.160 ; gain = 169.680
---------------------------------------------------------------------------------
---------------------------------------------------------------------------------
Start Renaming Generated Instances
---------------------------------------------------------------------------------
---------------------------------------------------------------------------------
Finished Renaming Generated Instances : Time (s): cpu = 00:01:50 ; elapsed = 00:02:07 . Memory (MB): peak = 1217.160 ; gain = 169.680
---------------------------------------------------------------------------------
---------------------------------------------------------------------------------
Start Rebuilding User Hierarchy
---------------------------------------------------------------------------------
---------------------------------------------------------------------------------
Finished Rebuilding User Hierarchy : Time (s): cpu = 00:01:50 ; elapsed = 00:02:07 . Memory (MB): peak = 1217.160 ; gain = 169.680
---------------------------------------------------------------------------------
---------------------------------------------------------------------------------
Start Renaming Generated Ports
---------------------------------------------------------------------------------
---------------------------------------------------------------------------------
Finished Renaming Generated Ports : Time (s): cpu = 00:01:50 ; elapsed = 00:02:07 . Memory (MB): peak = 1217.160 ; gain = 169.680
---------------------------------------------------------------------------------
---------------------------------------------------------------------------------
Start Handling Custom Attributes
---------------------------------------------------------------------------------
---------------------------------------------------------------------------------
Finished Handling Custom Attributes : Time (s): cpu = 00:01:50 ; elapsed = 00:02:07 . Memory (MB): peak = 1217.160 ; gain = 169.680
---------------------------------------------------------------------------------
---------------------------------------------------------------------------------
Start Renaming Generated Nets
---------------------------------------------------------------------------------
---------------------------------------------------------------------------------
Finished Renaming Generated Nets : Time (s): cpu = 00:01:50 ; elapsed = 00:02:07 . Memory (MB): peak = 1217.160 ; gain = 169.680
---------------------------------------------------------------------------------
---------------------------------------------------------------------------------
Start Writing Synthesis Report
---------------------------------------------------------------------------------

Report BlackBoxes: 
+-+--------------+----------+
| |BlackBox name |Instances |
+-+--------------+----------+
+-+--------------+----------+

Report Cell Usage: 
+------+------+------+
|      |Cell  |Count |
+------+------+------+
|1     |LUT1  |     1|
|2     |LUT2  |    17|
|3     |LUT3  |    39|
|4     |LUT4  |    33|
|5     |LUT5  |    76|
|6     |LUT6  |  1051|
|7     |MUXF7 |   366|
|8     |MUXF8 |   142|
|9     |FDRE  |    38|
+------+------+------+
---------------------------------------------------------------------------------
Finished Writing Synthesis Report : Time (s): cpu = 00:01:50 ; elapsed = 00:02:07 . Memory (MB): peak = 1217.160 ; gain = 169.680
---------------------------------------------------------------------------------
Synthesis finished with 0 errors, 0 critical warnings and 0 warnings.
Synthesis Optimization Runtime : Time (s): cpu = 00:01:30 ; elapsed = 00:02:02 . Memory (MB): peak = 1217.160 ; gain = 68.902
Synthesis Optimization Complete : Time (s): cpu = 00:01:50 ; elapsed = 00:02:07 . Memory (MB): peak = 1217.160 ; gain = 169.680
INFO: [Project 1-571] Translating synthesized netlist
Netlist sorting complete. Time (s): cpu = 00:00:00 ; elapsed = 00:00:00.052 . Memory (MB): peak = 1229.207 ; gain = 0.000
INFO: [Netlist 29-17] Analyzing 508 Unisim elements for replacement
INFO: [Netlist 29-28] Unisim Transformation completed in 1 CPU seconds
INFO: [Project 1-570] Preparing netlist for logic optimization
INFO: [Opt 31-138] Pushed 0 inverter(s) to 0 load pin(s).
Netlist sorting complete. Time (s): cpu = 00:00:00 ; elapsed = 00:00:00 . Memory (MB): peak = 1229.207 ; gain = 0.000
INFO: [Project 1-111] Unisim Transformation Summary:
No Unisim elements were transformed.

INFO: [Common 17-83] Releasing license: Synthesis
24 Infos, 0 Warnings, 0 Critical Warnings and 0 Errors encountered.
synth_design completed successfully
synth_design: Time (s): cpu = 00:02:03 ; elapsed = 00:02:25 . Memory (MB): peak = 1229.207 ; gain = 181.727
INFO: [Common 17-1381] The checkpoint 'D:/Xilinx/Project_NR/again/hw.runs/system_AXI_GammaCorrection_0_0_synth_1/system_AXI_GammaCorrection_0_0.dcp' has been generated.
WARNING: [Common 17-576] 'use_project_ipc' is deprecated. This option is deprecated and no longer used.
INFO: [Coretcl 2-1648] Added synthesis output to IP cache for IP system_AXI_GammaCorrection_0_0, cache-ID = fcb5e6b23dfe0e85
INFO: [Coretcl 2-1174] Renamed 4 cell refs.
INFO: [Common 17-1381] The checkpoint 'D:/Xilinx/Project_NR/again/hw.runs/system_AXI_GammaCorrection_0_0_synth_1/system_AXI_GammaCorrection_0_0.dcp' has been generated.
INFO: [runtcl-4] Executing : report_utilization -file system_AXI_GammaCorrection_0_0_utilization_synth.rpt -pb system_AXI_GammaCorrection_0_0_utilization_synth.pb
INFO: [Common 17-206] Exiting Vivado at Wed Jun 25 12:12:59 2025...
