
*** Running vivado
    with args -log system_AXI_BayerToRGB_1_0.vds -m64 -product Vivado -mode batch -messageDb vivado.pb -notrace -source system_AXI_BayerToRGB_1_0.tcl



****** Vivado v2020.1 (64-bit)
  **** SW Build 2902540 on Wed May 27 19:54:49 MDT 2020
  **** IP Build 2902112 on Wed May 27 22:43:36 MDT 2020
    ** Copyright 1986-2020 Xilinx, Inc. All Rights Reserved.

source system_AXI_BayerToRGB_1_0.tcl -notrace
create_project: Time (s): cpu = 00:00:04 ; elapsed = 00:00:09 . Memory (MB): peak = 1047.566 ; gain = 0.000
INFO: [IP_Flow 19-234] Refreshing IP repositories
INFO: [IP_Flow 19-1700] Loaded user IP repository 'd:/Xilinx/Project_NR/again/hw.ipdefs/repo'.
INFO: [IP_Flow 19-2313] Loaded Vivado IP repository 'D:/Xilinx/Vivado/2020.1/data/ip'.
Command: synth_design -top system_AXI_BayerToRGB_1_0 -part xc7z020clg400-1 -mode out_of_context
Starting synth_design
Attempting to get a license for feature 'Synthesis' and/or device 'xc7z020'
INFO: [Common 17-349] Got license for feature 'Synthesis' and/or device 'xc7z020'
INFO: [Device 21-403] Loading part xc7z020clg400-1
INFO: [Synth 8-7079] Multithreading enabled for synth_design using a maximum of 2 processes.
INFO: [Synth 8-7078] Launching helper process for spawning children vivado processes
INFO: [Synth 8-7075] Helper process launched with PID 18656
---------------------------------------------------------------------------------
Starting RTL Elaboration : Time (s): cpu = 00:00:11 ; elapsed = 00:00:22 . Memory (MB): peak = 1047.566 ; gain = 0.000
---------------------------------------------------------------------------------
INFO: [Synth 8-638] synthesizing module 'system_AXI_BayerToRGB_1_0' [d:/Xilinx/Project_NR/again/hw.srcs/sources_1/bd/system/ip/system_AXI_BayerToRGB_1_0/synth/system_AXI_BayerToRGB_1_0.vhd:73]
	Parameter kBayerWidth bound to: 10 - type: integer 
	Parameter kMaxSamplesPerClock bound to: 4 - type: integer 
	Parameter kAXI_InputDataWidth bound to: 40 - type: integer 
	Parameter kAXI_OutputDataWidth bound to: 32 - type: integer 
INFO: [Synth 8-3491] module 'AXI_BayerToRGB' declared at 'd:/Xilinx/Project_NR/again/hw.srcs/sources_1/bd/system/ipshared/40b8/hdl/AXI_BayerToRGB.vhd:66' bound to instance 'U0' of component 'AXI_BayerToRGB' [d:/Xilinx/Project_NR/again/hw.srcs/sources_1/bd/system/ip/system_AXI_BayerToRGB_1_0/synth/system_AXI_BayerToRGB_1_0.vhd:123]
INFO: [Synth 8-638] synthesizing module 'AXI_BayerToRGB' [d:/Xilinx/Project_NR/again/hw.srcs/sources_1/bd/system/ipshared/40b8/hdl/AXI_BayerToRGB.vhd:90]
	Parameter kAXI_InputDataWidth bound to: 40 - type: integer 
	Parameter kBayerWidth bound to: 10 - type: integer 
	Parameter kAXI_OutputDataWidth bound to: 32 - type: integer 
	Parameter kMaxSamplesPerClock bound to: 4 - type: integer 
INFO: [Synth 8-638] synthesizing module 'LineBuffer' [d:/Xilinx/Project_NR/again/hw.srcs/sources_1/bd/system/ipshared/40b8/hdl/LineBuffer.vhd:56]
	Parameter kLineBufferWidth bound to: 2048 - type: integer 
INFO: [Synth 8-256] done synthesizing module 'LineBuffer' (1#1) [d:/Xilinx/Project_NR/again/hw.srcs/sources_1/bd/system/ipshared/40b8/hdl/LineBuffer.vhd:56]
INFO: [Synth 8-226] default block is never used [d:/Xilinx/Project_NR/again/hw.srcs/sources_1/bd/system/ipshared/40b8/hdl/AXI_BayerToRGB.vhd:365]
INFO: [Synth 8-256] done synthesizing module 'AXI_BayerToRGB' (2#1) [d:/Xilinx/Project_NR/again/hw.srcs/sources_1/bd/system/ipshared/40b8/hdl/AXI_BayerToRGB.vhd:90]
INFO: [Synth 8-256] done synthesizing module 'system_AXI_BayerToRGB_1_0' (3#1) [d:/Xilinx/Project_NR/again/hw.srcs/sources_1/bd/system/ip/system_AXI_BayerToRGB_1_0/synth/system_AXI_BayerToRGB_1_0.vhd:73]
---------------------------------------------------------------------------------
Finished RTL Elaboration : Time (s): cpu = 00:00:14 ; elapsed = 00:00:26 . Memory (MB): peak = 1054.340 ; gain = 6.773
---------------------------------------------------------------------------------
---------------------------------------------------------------------------------
Start Handling Custom Attributes
---------------------------------------------------------------------------------
---------------------------------------------------------------------------------
Finished Handling Custom Attributes : Time (s): cpu = 00:00:15 ; elapsed = 00:00:27 . Memory (MB): peak = 1054.340 ; gain = 6.773
---------------------------------------------------------------------------------
---------------------------------------------------------------------------------
Finished RTL Optimization Phase 1 : Time (s): cpu = 00:00:15 ; elapsed = 00:00:27 . Memory (MB): peak = 1054.340 ; gain = 6.773
---------------------------------------------------------------------------------
Netlist sorting complete. Time (s): cpu = 00:00:00 ; elapsed = 00:00:00.010 . Memory (MB): peak = 1054.340 ; gain = 0.000
INFO: [Project 1-570] Preparing netlist for logic optimization

Processing XDC Constraints
Initializing timing engine
Completed Processing XDC Constraints

Netlist sorting complete. Time (s): cpu = 00:00:00 ; elapsed = 00:00:00 . Memory (MB): peak = 1161.207 ; gain = 0.000
INFO: [Project 1-111] Unisim Transformation Summary:
No Unisim elements were transformed.

Constraint Validation Runtime : Time (s): cpu = 00:00:00 ; elapsed = 00:00:00.097 . Memory (MB): peak = 1161.215 ; gain = 0.008
---------------------------------------------------------------------------------
Finished Constraint Validation : Time (s): cpu = 00:00:30 ; elapsed = 00:00:43 . Memory (MB): peak = 1161.215 ; gain = 113.648
---------------------------------------------------------------------------------
---------------------------------------------------------------------------------
Start Loading Part and Timing Information
---------------------------------------------------------------------------------
Loading part: xc7z020clg400-1
---------------------------------------------------------------------------------
Finished Loading Part and Timing Information : Time (s): cpu = 00:00:30 ; elapsed = 00:00:43 . Memory (MB): peak = 1161.215 ; gain = 113.648
---------------------------------------------------------------------------------
---------------------------------------------------------------------------------
Start Applying 'set_property' XDC Constraints
---------------------------------------------------------------------------------
---------------------------------------------------------------------------------
Finished applying 'set_property' XDC Constraints : Time (s): cpu = 00:00:30 ; elapsed = 00:00:43 . Memory (MB): peak = 1161.215 ; gain = 113.648
---------------------------------------------------------------------------------
---------------------------------------------------------------------------------
Finished RTL Optimization Phase 2 : Time (s): cpu = 00:00:30 ; elapsed = 00:00:44 . Memory (MB): peak = 1161.215 ; gain = 113.648
---------------------------------------------------------------------------------
---------------------------------------------------------------------------------
Start RTL Component Statistics 
---------------------------------------------------------------------------------
Detailed RTL Component Info : 
+---Adders : 
	   2 Input   11 Bit       Adders := 3     
	   2 Input    2 Bit       Adders := 1     
+---Registers : 
	               30 Bit    Registers := 1     
	               11 Bit    Registers := 8     
	               10 Bit    Registers := 6     
	                2 Bit    Registers := 4     
	                1 Bit    Registers := 19    
+---RAMs : 
	              20K Bit	(2048 X 10 bit)          RAMs := 1     
+---Muxes : 
	   2 Input   30 Bit        Muxes := 1     
	   3 Input   11 Bit        Muxes := 2     
	   2 Input   11 Bit        Muxes := 1     
	   4 Input   11 Bit        Muxes := 2     
	   2 Input   10 Bit        Muxes := 5     
	   4 Input   10 Bit        Muxes := 2     
	   2 Input    9 Bit        Muxes := 2     
	   2 Input    2 Bit        Muxes := 2     
	   2 Input    1 Bit        Muxes := 14    
---------------------------------------------------------------------------------
Finished RTL Component Statistics 
---------------------------------------------------------------------------------
---------------------------------------------------------------------------------
Start Part Resource Summary
---------------------------------------------------------------------------------
Part Resources:
DSPs: 220 (col length:60)
BRAMs: 280 (col length: RAMB18 60 RAMB36 30)
---------------------------------------------------------------------------------
Finished Part Resource Summary
---------------------------------------------------------------------------------
---------------------------------------------------------------------------------
Start Cross Boundary and Area Optimization
---------------------------------------------------------------------------------
---------------------------------------------------------------------------------
Finished Cross Boundary and Area Optimization : Time (s): cpu = 00:00:34 ; elapsed = 00:00:49 . Memory (MB): peak = 1161.215 ; gain = 113.648
---------------------------------------------------------------------------------
---------------------------------------------------------------------------------
Start ROM, RAM, DSP and Shift Register Reporting
---------------------------------------------------------------------------------

Block RAM: Preliminary Mapping	Report (see note below)
+--------------------------+-----------------------------------+------------------------+---+---+------------------------+---+---+------------------+--------+--------+
|Module Name               | RTL Object                        | PORT A (Depth x Width) | W | R | PORT B (Depth x Width) | W | R | Ports driving FF | RAMB18 | RAMB36 | 
+--------------------------+-----------------------------------+------------------------+---+---+------------------------+---+---+------------------+--------+--------+
|system_AXI_BayerToRGB_1_0 | U0/LineBufferInst/pLineBuffer_reg | 2 K x 10(READ_FIRST)   | W |   | 2 K x 10(WRITE_FIRST)  |   | R | Port A and B     | 0      | 1      | 
+--------------------------+-----------------------------------+------------------------+---+---+------------------------+---+---+------------------+--------+--------+

Note: The table above is a preliminary report that shows the Block RAMs at the current stage of the synthesis flow. Some Block RAMs may be reimplemented as non Block RAM primitives later in the synthesis flow. Multiple instantiated Block RAMs are reported only once. 
---------------------------------------------------------------------------------
Finished ROM, RAM, DSP and Shift Register Reporting
---------------------------------------------------------------------------------
---------------------------------------------------------------------------------
Start Applying XDC Timing Constraints
---------------------------------------------------------------------------------
---------------------------------------------------------------------------------
Finished Applying XDC Timing Constraints : Time (s): cpu = 00:00:54 ; elapsed = 00:01:08 . Memory (MB): peak = 1161.215 ; gain = 113.648
---------------------------------------------------------------------------------
---------------------------------------------------------------------------------
Start Timing Optimization
---------------------------------------------------------------------------------
---------------------------------------------------------------------------------
Finished Timing Optimization : Time (s): cpu = 00:00:54 ; elapsed = 00:01:09 . Memory (MB): peak = 1161.215 ; gain = 113.648
---------------------------------------------------------------------------------
---------------------------------------------------------------------------------
Start ROM, RAM, DSP and Shift Register Reporting
---------------------------------------------------------------------------------

Block RAM: Final Mapping	Report
+--------------------------+-----------------------------------+------------------------+---+---+------------------------+---+---+------------------+--------+--------+
|Module Name               | RTL Object                        | PORT A (Depth x Width) | W | R | PORT B (Depth x Width) | W | R | Ports driving FF | RAMB18 | RAMB36 | 
+--------------------------+-----------------------------------+------------------------+---+---+------------------------+---+---+------------------+--------+--------+
|system_AXI_BayerToRGB_1_0 | U0/LineBufferInst/pLineBuffer_reg | 2 K x 10(READ_FIRST)   | W |   | 2 K x 10(WRITE_FIRST)  |   | R | Port A and B     | 0      | 1      | 
+--------------------------+-----------------------------------+------------------------+---+---+------------------------+---+---+------------------+--------+--------+

---------------------------------------------------------------------------------
Finished ROM, RAM, DSP and Shift Register Reporting
---------------------------------------------------------------------------------
---------------------------------------------------------------------------------
Start Technology Mapping
---------------------------------------------------------------------------------
INFO: [Synth 8-7052] The timing for the instance U0/LineBufferInst/pLineBuffer_reg (implemented as a Block RAM) might be sub-optimal as no optional output register could be merged into the ram block. Providing additional output register may help in improving timing.
---------------------------------------------------------------------------------
Finished Technology Mapping : Time (s): cpu = 00:00:54 ; elapsed = 00:01:09 . Memory (MB): peak = 1169.719 ; gain = 122.152
---------------------------------------------------------------------------------
---------------------------------------------------------------------------------
Start IO Insertion
---------------------------------------------------------------------------------
---------------------------------------------------------------------------------
Start Flattening Before IO Insertion
---------------------------------------------------------------------------------
---------------------------------------------------------------------------------
Finished Flattening Before IO Insertion
---------------------------------------------------------------------------------
---------------------------------------------------------------------------------
Start Final Netlist Cleanup
---------------------------------------------------------------------------------
---------------------------------------------------------------------------------
Finished Final Netlist Cleanup
---------------------------------------------------------------------------------
---------------------------------------------------------------------------------
Finished IO Insertion : Time (s): cpu = 00:01:05 ; elapsed = 00:01:21 . Memory (MB): peak = 1175.508 ; gain = 127.941
---------------------------------------------------------------------------------
---------------------------------------------------------------------------------
Start Renaming Generated Instances
---------------------------------------------------------------------------------
---------------------------------------------------------------------------------
Finished Renaming Generated Instances : Time (s): cpu = 00:01:05 ; elapsed = 00:01:21 . Memory (MB): peak = 1175.508 ; gain = 127.941
---------------------------------------------------------------------------------
---------------------------------------------------------------------------------
Start Rebuilding User Hierarchy
---------------------------------------------------------------------------------
---------------------------------------------------------------------------------
Finished Rebuilding User Hierarchy : Time (s): cpu = 00:01:05 ; elapsed = 00:01:21 . Memory (MB): peak = 1175.508 ; gain = 127.941
---------------------------------------------------------------------------------
---------------------------------------------------------------------------------
Start Renaming Generated Ports
---------------------------------------------------------------------------------
---------------------------------------------------------------------------------
Finished Renaming Generated Ports : Time (s): cpu = 00:01:05 ; elapsed = 00:01:21 . Memory (MB): peak = 1175.508 ; gain = 127.941
---------------------------------------------------------------------------------
---------------------------------------------------------------------------------
Start Handling Custom Attributes
---------------------------------------------------------------------------------
---------------------------------------------------------------------------------
Finished Handling Custom Attributes : Time (s): cpu = 00:01:05 ; elapsed = 00:01:21 . Memory (MB): peak = 1175.516 ; gain = 127.949
---------------------------------------------------------------------------------
---------------------------------------------------------------------------------
Start Renaming Generated Nets
---------------------------------------------------------------------------------
---------------------------------------------------------------------------------
Finished Renaming Generated Nets : Time (s): cpu = 00:01:05 ; elapsed = 00:01:21 . Memory (MB): peak = 1175.516 ; gain = 127.949
---------------------------------------------------------------------------------
---------------------------------------------------------------------------------
Start Writing Synthesis Report
---------------------------------------------------------------------------------

Report BlackBoxes: 
+-+--------------+----------+
| |BlackBox name |Instances |
+-+--------------+----------+
+-+--------------+----------+

Report Cell Usage: 
+------+---------+------+
|      |Cell     |Count |
+------+---------+------+
|1     |CARRY4   |     3|
|2     |LUT1     |     2|
|3     |LUT2     |     4|
|4     |LUT3     |    26|
|5     |LUT4     |    46|
|6     |LUT5     |     8|
|7     |LUT6     |    42|
|8     |RAMB36E1 |     1|
|9     |FDRE     |   178|
+------+---------+------+
---------------------------------------------------------------------------------
Finished Writing Synthesis Report : Time (s): cpu = 00:01:05 ; elapsed = 00:01:21 . Memory (MB): peak = 1175.516 ; gain = 127.949
---------------------------------------------------------------------------------
Synthesis finished with 0 errors, 0 critical warnings and 0 warnings.
Synthesis Optimization Runtime : Time (s): cpu = 00:00:46 ; elapsed = 00:01:15 . Memory (MB): peak = 1175.516 ; gain = 21.074
Synthesis Optimization Complete : Time (s): cpu = 00:01:06 ; elapsed = 00:01:21 . Memory (MB): peak = 1175.516 ; gain = 127.949
INFO: [Project 1-571] Translating synthesized netlist
Netlist sorting complete. Time (s): cpu = 00:00:00 ; elapsed = 00:00:00.011 . Memory (MB): peak = 1187.094 ; gain = 0.000
INFO: [Netlist 29-17] Analyzing 4 Unisim elements for replacement
INFO: [Netlist 29-28] Unisim Transformation completed in 0 CPU seconds
INFO: [Project 1-570] Preparing netlist for logic optimization
INFO: [Opt 31-138] Pushed 0 inverter(s) to 0 load pin(s).
Netlist sorting complete. Time (s): cpu = 00:00:00 ; elapsed = 00:00:00.001 . Memory (MB): peak = 1189.926 ; gain = 0.000
INFO: [Project 1-111] Unisim Transformation Summary:
No Unisim elements were transformed.

INFO: [Common 17-83] Releasing license: Synthesis
26 Infos, 0 Warnings, 0 Critical Warnings and 0 Errors encountered.
synth_design completed successfully
synth_design: Time (s): cpu = 00:01:18 ; elapsed = 00:01:41 . Memory (MB): peak = 1189.926 ; gain = 142.359
INFO: [Common 17-1381] The checkpoint 'D:/Xilinx/Project_NR/again/hw.runs/system_AXI_BayerToRGB_1_0_synth_1/system_AXI_BayerToRGB_1_0.dcp' has been generated.
WARNING: [Common 17-576] 'use_project_ipc' is deprecated. This option is deprecated and no longer used.
INFO: [Coretcl 2-1648] Added synthesis output to IP cache for IP system_AXI_BayerToRGB_1_0, cache-ID = af2a025ac8e7dcf3
INFO: [Coretcl 2-1174] Renamed 2 cell refs.
INFO: [Common 17-1381] The checkpoint 'D:/Xilinx/Project_NR/again/hw.runs/system_AXI_BayerToRGB_1_0_synth_1/system_AXI_BayerToRGB_1_0.dcp' has been generated.
INFO: [runtcl-4] Executing : report_utilization -file system_AXI_BayerToRGB_1_0_utilization_synth.rpt -pb system_AXI_BayerToRGB_1_0_utilization_synth.pb
INFO: [Common 17-206] Exiting Vivado at Wed Jun 25 12:12:13 2025...
